<?xml version="1.0" encoding="UTF-8"?>
<testng-results ignored="0" total="5" passed="5" failed="0" skipped="0">
  <reporter-output>
  </reporter-output>
  <suite started-at="2022-09-07T15:13:23 IST" name="Default suite" finished-at="2022-09-07T15:13:35 IST" duration-ms="11557">
    <groups>
    </groups>
    <test started-at="2022-09-07T15:13:23 IST" name="Default test" finished-at="2022-09-07T15:13:35 IST" duration-ms="11557">
      <class name="com.telus.automationsuite.RegisterDemo">
        <test-method signature="launchApplication()[pri:1, instance:com.telus.automationsuite.RegisterDemo@729d991e]" started-at="2022-09-07T15:13:23 IST" name="launchApplication" finished-at="2022-09-07T15:13:29 IST" duration-ms="5171" status="PASS">
          <reporter-output>
          </reporter-output>
        </test-method> <!-- launchApplication -->
        <test-method signature="navigateToRegistrationForm()[pri:2, instance:com.telus.automationsuite.RegisterDemo@729d991e]" started-at="2022-09-07T15:13:29 IST" name="navigateToRegistrationForm" finished-at="2022-09-07T15:13:31 IST" duration-ms="2664" status="PASS">
          <reporter-output>
          </reporter-output>
        </test-method> <!-- navigateToRegistrationForm -->
        <test-method signature="userRegisterDemo()[pri:3, instance:com.telus.automationsuite.RegisterDemo@729d991e]" started-at="2022-09-07T15:13:31 IST" name="userRegisterDemo" finished-at="2022-09-07T15:13:35 IST" duration-ms="3541" status="PASS">
          <reporter-output>
          </reporter-output>
        </test-method> <!-- userRegisterDemo -->
        <test-method signature="validationOfsuccessfulMsg()[pri:4, instance:com.telus.automationsuite.RegisterDemo@729d991e]" started-at="2022-09-07T15:13:35 IST" name="validationOfsuccessfulMsg" finished-at="2022-09-07T15:13:35 IST" duration-ms="43" status="PASS">
          <reporter-output>
          </reporter-output>
        </test-method> <!-- validationOfsuccessfulMsg -->
        <test-method signature="closeApplication()[pri:5, instance:com.telus.automationsuite.RegisterDemo@729d991e]" started-at="2022-09-07T15:13:35 IST" name="closeApplication" finished-at="2022-09-07T15:13:35 IST" duration-ms="59" status="PASS">
          <reporter-output>
          </reporter-output>
        </test-method> <!-- closeApplication -->
      </class> <!-- com.telus.automationsuite.RegisterDemo -->
    </test> <!-- Default test -->
  </suite> <!-- Default suite -->
</testng-results>
