<?xml version="1.0" encoding="UTF-8"?>
<!-- Generated by org.testng.reporters.JUnitXMLReporter -->
<testsuite ignored="0" hostname="LAPTOP-598MM7P2" failures="0" tests="5" name="Default test" time="11.557" errors="0" timestamp="2022-09-07T15:13:35 IST">
  <testcase classname="com.telus.automationsuite.RegisterDemo" name="launchApplication" time="5.171"/>
  <testcase classname="com.telus.automationsuite.RegisterDemo" name="navigateToRegistrationForm" time="2.664"/>
  <testcase classname="com.telus.automationsuite.RegisterDemo" name="userRegisterDemo" time="3.541"/>
  <testcase classname="com.telus.automationsuite.RegisterDemo" name="validationOfsuccessfulMsg" time="0.043"/>
  <testcase classname="com.telus.automationsuite.RegisterDemo" name="closeApplication" time="0.059"/>
</testsuite> <!-- Default test -->
